Arguments: 
  /usr/local/bin/node /Users/jeonhyeonseong/.yarn/bin/yarn.js add -D @types/path

PATH: 
  /Users/jeonhyeonseong/Downloads/google-cloud-sdk/bin:/Users/jeonhyeonseong/.yarn/bin:/Users/jeonhyeonseong/.config/yarn/global/node_modules/.bin:/Users/jeonhyeonseong/.poetry/bin:/usr/local/opt/postgresql@12/bin:/Users/jeonhyeonseong/.poetry/bin:/usr/local/Cellar/composer/2.0.14/bin:/usr/local/Cellar/php@7.3/7.3.28_1/bin:/Library/Frameworks/Python.framework/Versions/3.9/bin:/usr/local/bin:/usr/bin:/bin:/usr/sbin:/sbin:/usr/local/share/dotnet:~/.dotnet/tools:/Library/Apple/usr/bin:/Users/jeonhyeonseong/Downloads/google-cloud-sdk/bin:/Users/jeonhyeonseong/.yarn/bin:/Users/jeonhyeonseong/.config/yarn/global/node_modules/.bin:/Users/jeonhyeonseong/.poetry/bin:/usr/local/opt/postgresql@12/bin:/usr/local/Cellar/composer/2.0.14/bin:/usr/local/Cellar/php@7.3/7.3.28_1/bin:/Library/Frameworks/Python.framework/Versions/3.9/bin

Yarn version: 
  1.22.15

Node version: 
  16.16.0

Platform: 
  darwin x64

Trace: 
  Error: https://registry.yarnpkg.com/@types%2fpath: Not found
      at Request.params.callback [as _callback] (/Users/jeonhyeonseong/.yarn/lib/cli.js:67031:18)
      at Request.self.callback (/Users/jeonhyeonseong/.yarn/lib/cli.js:140885:22)
      at Request.emit (node:events:527:28)
      at Request.<anonymous> (/Users/jeonhyeonseong/.yarn/lib/cli.js:141857:10)
      at Request.emit (node:events:527:28)
      at IncomingMessage.<anonymous> (/Users/jeonhyeonseong/.yarn/lib/cli.js:141779:12)
      at Object.onceWrapper (node:events:641:28)
      at IncomingMessage.emit (node:events:539:35)
      at endReadableNT (node:internal/streams/readable:1345:12)
      at processTicksAndRejections (node:internal/process/task_queues:83:21)

npm manifest: 
  {
    "name": "tspec",
    "version": "1.0.0",
    "main": "index.js",
    "license": "MIT",
    "devDependencies": {
      "typescript": "^4.8.3"
    },
    "scripts": {
      "start": "ts-node index.ts"
    },
    "dependencies": {
      "path": "^0.12.7"
    }
  }

yarn manifest: 
  No manifest

Lockfile: 
  # THIS IS AN AUTOGENERATED FILE. DO NOT EDIT THIS FILE DIRECTLY.
  # yarn lockfile v1
  
  
  inherits@2.0.3:
    version "2.0.3"
    resolved "https://registry.yarnpkg.com/inherits/-/inherits-2.0.3.tgz#633c2c83e3da42a502f52466022480f4208261de"
    integrity sha512-x00IRNXNy63jwGkJmzPigoySHbaqpNuzKbBOmzK+g2OdZpQ9w+sxCN+VSB3ja7IAge2OP2qpfxTjeNcyjmW1uw==
  
  path@^0.12.7:
    version "0.12.7"
    resolved "https://registry.yarnpkg.com/path/-/path-0.12.7.tgz#d4dc2a506c4ce2197eb481ebfcd5b36c0140b10f"
    integrity sha512-aXXC6s+1w7otVF9UletFkFcDsJeO7lSZBPUQhtb5O0xJe8LtYhj/GxldoL09bBj9+ZmE2hNoHqQSFMN5fikh4Q==
    dependencies:
      process "^0.11.1"
      util "^0.10.3"
  
  process@^0.11.1:
    version "0.11.10"
    resolved "https://registry.yarnpkg.com/process/-/process-0.11.10.tgz#7332300e840161bda3e69a1d1d91a7d4bc16f182"
    integrity sha512-cdGef/drWFoydD1JsMzuFf8100nZl+GT+yacc2bEced5f9Rjk4z+WtFUTBu9PhOi9j/jfmBPu0mMEY4wIdAF8A==
  
  typescript@^4.8.3:
    version "4.8.3"
    resolved "https://registry.yarnpkg.com/typescript/-/typescript-4.8.3.tgz#d59344522c4bc464a65a730ac695007fdb66dd88"
    integrity sha512-goMHfm00nWPa8UvR/CPSvykqf6dVV8x/dp0c5mFTMTIu0u0FlGWRioyy7Nn0PGAdHxpJZnuO/ut+PpQ8UiHAig==
  
  util@^0.10.3:
    version "0.10.4"
    resolved "https://registry.yarnpkg.com/util/-/util-0.10.4.tgz#3aa0125bfe668a4672de58857d3ace27ecb76901"
    integrity sha512-0Pm9hTQ3se5ll1XihRic3FDIku70C+iHUdT/W926rSgHV5QgXsYbKZN8MSC3tJtSkhuROzvsQjAaFENRXr+19A==
    dependencies:
      inherits "2.0.3"
